Traceback (most recent call last):
  File "misgan_data_tpc_h_lineitem.py", line 98, in <module>
    data = GenerateData("lineitem.tbl.8")
  File "misgan_data_tpc_h_lineitem.py", line 46, in __init__
    self.data = pandas.read_csv(data_file, delimiter="|", header=None).values[:,:8].astype(np.float32)
  File "/home/bigdata/thomas/vinh/anaconda3/lib/python3.7/site-packages/pandas/io/parsers.py", line 702, in parser_f
    return _read(filepath_or_buffer, kwds)
  File "/home/bigdata/thomas/vinh/anaconda3/lib/python3.7/site-packages/pandas/io/parsers.py", line 435, in _read
    data = parser.read(nrows)
  File "/home/bigdata/thomas/vinh/anaconda3/lib/python3.7/site-packages/pandas/io/parsers.py", line 1139, in read
    ret = self._engine.read(nrows)
  File "/home/bigdata/thomas/vinh/anaconda3/lib/python3.7/site-packages/pandas/io/parsers.py", line 1995, in read
    data = self._reader.read(nrows)
  File "pandas/_libs/parsers.pyx", line 899, in pandas._libs.parsers.TextReader.read
  File "pandas/_libs/parsers.pyx", line 914, in pandas._libs.parsers.TextReader._read_low_memory
  File "pandas/_libs/parsers.pyx", line 991, in pandas._libs.parsers.TextReader._read_rows
  File "pandas/_libs/parsers.pyx", line 1136, in pandas._libs.parsers.TextReader._convert_column_data
  File "/home/bigdata/thomas/vinh/anaconda3/lib/python3.7/site-packages/pandas/core/dtypes/common.py", line 1702, in is_extension_array_dtype
    def is_extension_array_dtype(arr_or_dtype):
KeyboardInterrupt
[6.000000e+06 2.000000e+05 1.000000e+04 7.000000e+00 5.000000e+01
 1.046495e+05 1.000000e-01 8.000000e-02]
tensor([0.0000, 0.9893, 0.5427, 0.4286, 0.9800, 0.9209, 0.5000, 0.5000],
       dtype=torch.float64)
tensor([0., 1., 1., 1., 1., 1., 1., 1.], dtype=torch.float64)
tensor([0.9636, 0.7130, 0.2606, 0.5714, 0.8400, 0.6612, 0.5000, 0.0000],
       dtype=torch.float64)
tensor(0.7165, dtype=torch.float64)
Traceback (most recent call last):
  File "misgan_data_tpc_h_lineitem.py", line 260, in <module>
    for real_data, real_mask, origin_data, _ in data_loader:
  File "/home/bigdata/thomas/vinh/anaconda3/lib/python3.7/site-packages/torch/utils/data/dataloader.py", line 346, in __next__
    data = self.dataset_fetcher.fetch(index)  # may raise StopIteration
  File "/home/bigdata/thomas/vinh/anaconda3/lib/python3.7/site-packages/torch/utils/data/_utils/fetch.py", line 47, in fetch
    return self.collate_fn(data)
  File "/home/bigdata/thomas/vinh/anaconda3/lib/python3.7/site-packages/torch/utils/data/_utils/collate.py", line 80, in default_collate
    return [default_collate(samples) for samples in transposed]
  File "/home/bigdata/thomas/vinh/anaconda3/lib/python3.7/site-packages/torch/utils/data/_utils/collate.py", line 80, in <listcomp>
    return [default_collate(samples) for samples in transposed]
  File "/home/bigdata/thomas/vinh/anaconda3/lib/python3.7/site-packages/torch/utils/data/_utils/collate.py", line 65, in default_collate
    return default_collate([torch.as_tensor(b) for b in batch])
  File "/home/bigdata/thomas/vinh/anaconda3/lib/python3.7/site-packages/torch/utils/data/_utils/collate.py", line 56, in default_collate
    return torch.stack(batch, 0, out=out)
KeyboardInterrupt
